<?xml version="1.0" encoding="UTF-8"?>
<!-- Generated by org.testng.reporters.JUnitXMLReporter -->
<testsuite ignored="0" hostname="StLenovo" failures="0" tests="8" name="Surefire test" time="31.506" errors="0" timestamp="2022-12-01T20:41:43 GET">
  <testcase classname="org.it_academy.selenium.onliner.remote.RemoteSeleniumTest" name="@BeforeMethod startUp" time="0.016">
    <failure type="org.openqa.selenium.remote.UnreachableBrowserException" message="Could not start a new session. Possible causes are invalid address of the remote server or browser start-up failure.
Build info: version: &amp;apos;3.141.59&amp;apos;, revision: &amp;apos;e82be7d358&amp;apos;, time: &amp;apos;2018-11-14T08:17:03&amp;apos;
System info: host: &amp;apos;STLENOVO&amp;apos;, ip: &amp;apos;192.168.0.107&amp;apos;, os.name: &amp;apos;Windows 10&amp;apos;, os.arch: &amp;apos;amd64&amp;apos;, os.version: &amp;apos;10.0&amp;apos;, java.version: &amp;apos;18.0.2&amp;apos;
Driver info: driver.version: RemoteWebDriver">
      <![CDATA[org.openqa.selenium.remote.UnreachableBrowserException: Could not start a new session. Possible causes are invalid address of the remote server or browser start-up failure.
Build info: version: '3.141.59', revision: 'e82be7d358', time: '2018-11-14T08:17:03'
System info: host: 'STLENOVO', ip: '192.168.0.107', os.name: 'Windows 10', os.arch: 'amd64', os.version: '10.0', java.version: '18.0.2'
Driver info: driver.version: RemoteWebDriver
at org.openqa.selenium.remote.RemoteWebDriver.execute(RemoteWebDriver.java:573)
at org.openqa.selenium.remote.RemoteWebDriver.startSession(RemoteWebDriver.java:213)
at org.openqa.selenium.remote.RemoteWebDriver.<init>(RemoteWebDriver.java:131)
at org.openqa.selenium.remote.RemoteWebDriver.<init>(RemoteWebDriver.java:144)
at org.it_academy.selenium.framework.RemoteWebDriverDiscovery.setDriver(RemoteWebDriverDiscovery.java:21)
at org.it_academy.selenium.onliner.remote.RemoteSeleniumTest.startUp(RemoteSeleniumTest.java:29)
at java.base/java.util.ArrayList.forEach(ArrayList.java:1511)
Caused by: java.net.ConnectException: Failed to connect to /127.0.0.1:4444
at okhttp3.internal.connection.RealConnection.connectSocket(RealConnection.java:247)
at okhttp3.internal.connection.RealConnection.connect(RealConnection.java:165)
at okhttp3.internal.connection.StreamAllocation.findConnection(StreamAllocation.java:257)
at okhttp3.internal.connection.StreamAllocation.findHealthyConnection(StreamAllocation.java:135)
at okhttp3.internal.connection.StreamAllocation.newStream(StreamAllocation.java:114)
at okhttp3.internal.connection.ConnectInterceptor.intercept(ConnectInterceptor.java:42)
at okhttp3.internal.http.RealInterceptorChain.proceed(RealInterceptorChain.java:147)
at okhttp3.internal.http.RealInterceptorChain.proceed(RealInterceptorChain.java:121)
at okhttp3.internal.cache.CacheInterceptor.intercept(CacheInterceptor.java:93)
at okhttp3.internal.http.RealInterceptorChain.proceed(RealInterceptorChain.java:147)
at okhttp3.internal.http.RealInterceptorChain.proceed(RealInterceptorChain.java:121)
at okhttp3.internal.http.BridgeInterceptor.intercept(BridgeInterceptor.java:93)
at okhttp3.internal.http.RealInterceptorChain.proceed(RealInterceptorChain.java:147)
at okhttp3.internal.http.RetryAndFollowUpInterceptor.intercept(RetryAndFollowUpInterceptor.java:126)
at okhttp3.internal.http.RealInterceptorChain.proceed(RealInterceptorChain.java:147)
at okhttp3.internal.http.RealInterceptorChain.proceed(RealInterceptorChain.java:121)
at okhttp3.RealCall.getResponseWithInterceptorChain(RealCall.java:200)
at okhttp3.RealCall.execute(RealCall.java:77)
at org.openqa.selenium.remote.internal.OkHttpClient.execute(OkHttpClient.java:103)
at org.openqa.selenium.remote.ProtocolHandshake.createSession(ProtocolHandshake.java:105)
at org.openqa.selenium.remote.ProtocolHandshake.createSession(ProtocolHandshake.java:74)
at org.openqa.selenium.remote.HttpCommandExecutor.execute(HttpCommandExecutor.java:136)
at org.openqa.selenium.remote.RemoteWebDriver.execute(RemoteWebDriver.java:552)
... 39 more
Caused by: java.net.ConnectException: Connection refused: no further information
at java.base/sun.nio.ch.Net.pollConnect(Native Method)
at java.base/sun.nio.ch.Net.pollConnectNow(Net.java:672)
at java.base/sun.nio.ch.NioSocketImpl.timedFinishConnect(NioSocketImpl.java:539)
at java.base/sun.nio.ch.NioSocketImpl.connect(NioSocketImpl.java:594)
at java.base/java.net.SocksSocketImpl.connect(SocksSocketImpl.java:327)
at java.base/java.net.Socket.connect(Socket.java:633)
at okhttp3.internal.platform.Platform.connectSocket(Platform.java:129)
at okhttp3.internal.connection.RealConnection.connectSocket(RealConnection.java:245)
... 61 more
... Removed 33 stack frames]]>
    </failure>
  </testcase> <!-- @BeforeMethod startUp -->
  <testcase classname="org.it_academy.selenium.onliner.remote.RemoteSeleniumTest" name="@AfterMethod completing" time="-1.669912897303E9">
    <skipped/>
  </testcase> <!-- @AfterMethod completing -->
  <testcase classname="org.it_academy.selenium.onliner.remote.RemoteSeleniumTest" name="@BeforeMethod startUp" time="-1.669912897306E9">
    <skipped/>
  </testcase> <!-- @BeforeMethod startUp -->
  <testcase classname="org.it_academy.selenium.onliner.remote.RemoteSeleniumTest" name="@AfterMethod completing" time="-1.669912897316E9">
    <skipped/>
  </testcase> <!-- @AfterMethod completing -->
  <testcase classname="org.it_academy.selenium.onliner.remote.RemoteSeleniumTest" name="@BeforeMethod startUp" time="-1.66991289732E9">
    <skipped/>
  </testcase> <!-- @BeforeMethod startUp -->
  <testcase classname="org.it_academy.selenium.onliner.remote.RemoteSeleniumTest" name="@AfterMethod completing" time="-1.669912897344E9">
    <skipped/>
  </testcase> <!-- @AfterMethod completing -->
  <testcase classname="org.it_academy.selenium.onliner.local.SeleniumTest" name="checkContextMenuForComputersLink" time="1.216"/>
  <testcase classname="org.it_academy.selenium.onliner.local.SeleniumTest" name="checkForRequiredSections" time="0.366"/>
  <testcase classname="org.it_academy.selenium.onliner.local.SeleniumTest" name="checkListOfProductsInAccessoriesCategory" time="1.751"/>
  <testcase classname="org.it_academy.selenium.onliner.remote.RemoteSeleniumTest" name="checkContextMenuForComputersLink" time="0.0">
    <skipped/>
  </testcase> <!-- checkContextMenuForComputersLink -->
  <testcase classname="org.it_academy.selenium.onliner.remote.RemoteSeleniumTest" name="checkForRequiredSections" time="0.0">
    <skipped/>
  </testcase> <!-- checkForRequiredSections -->
  <testcase classname="org.it_academy.selenium.onliner.remote.RemoteSeleniumTest" name="checkListOfProductsInAccessoriesCategory" time="0.0">
    <skipped/>
  </testcase> <!-- checkListOfProductsInAccessoriesCategory -->
  <testcase classname="org.it_academy.selenium.sushivesla.SushiVeslaAPITest" name="checkSearchProductItems" time="5.998"/>
  <testcase classname="org.it_academy.selenium.sushivesla.SushiVeslaAPITest" name="checkSearchProductItemsWithFilterRolls" time="0.536"/>
</testsuite> <!-- Surefire test -->
